# JRE version: OpenJDK Runtime Environment (11.0+28) (build 11+28)
# Java VM: OpenJDK 64-Bit Server VM (11+28, mixed mode, tiered, compressed oops, g1 gc, windows-amd64)
Heap:
 garbage-first heap   total 229376K, used 93953K [0x00000000e0000000, 0x0000000100000000)
  region size 1024K, 86 young (88064K), 11 survivors (11264K)
 Metaspace       used 53565K, capacity 54956K, committed 55168K, reserved 1097728K
  class space    used 6955K, capacity 7515K, committed 7552K, reserved 1048576K
GC Heap History (10 events):
Event: 1.624 GC heap before
{Heap before GC invocations=1 (full 0):
 garbage-first heap   total 229376K, used 30875K [0x00000000e0000000, 0x0000000100000000)
  region size 1024K, 25 young (25600K), 3 survivors (3072K)
 Metaspace       used 17002K, capacity 17474K, committed 17792K, reserved 1064960K
  class space    used 1911K, capacity 2108K, committed 2176K, reserved 1048576K
}
Event: 1.626 GC heap after
{Heap after GC invocations=2 (full 0):
 garbage-first heap   total 229376K, used 9435K [0x00000000e0000000, 0x0000000100000000)
  region size 1024K, 2 young (2048K), 2 survivors (2048K)
 Metaspace       used 17002K, capacity 17474K, committed 17792K, reserved 1064960K
  class space    used 1911K, capacity 2108K, committed 2176K, reserved 1048576K
}
Event: 2.094 GC heap before
{Heap before GC invocations=2 (full 0):
 garbage-first heap   total 229376K, used 27867K [0x00000000e0000000, 0x0000000100000000)
  region size 1024K, 21 young (21504K), 2 survivors (2048K)
 Metaspace       used 20585K, capacity 21127K, committed 21248K, reserved 1069056K
  class space    used 2338K, capacity 2559K, committed 2560K, reserved 1048576K
}
Event: 2.096 GC heap after
{Heap after GC invocations=3 (full 0):
 garbage-first heap   total 229376K, used 10206K [0x00000000e0000000, 0x0000000100000000)
  region size 1024K, 2 young (2048K), 2 survivors (2048K)
 Metaspace       used 20585K, capacity 21127K, committed 21248K, reserved 1069056K
  class space    used 2338K, capacity 2559K, committed 2560K, reserved 1048576K
}
Event: 2.981 GC heap before
{Heap before GC invocations=4 (full 0):
 garbage-first heap   total 229376K, used 98270K [0x00000000e0000000, 0x0000000100000000)
  region size 1024K, 89 young (91136K), 2 survivors (2048K)
 Metaspace       used 29478K, capacity 30448K, committed 30592K, reserved 1075200K
  class space    used 3524K, capacity 3891K, committed 3968K, reserved 1048576K
}
Event: 2.986 GC heap after
{Heap after GC invocations=5 (full 0):
 garbage-first heap   total 229376K, used 12477K [0x00000000e0000000, 0x0000000100000000)
  region size 1024K, 5 young (5120K), 5 survivors (5120K)
 Metaspace       used 29478K, capacity 30448K, committed 30592K, reserved 1075200K
  class space    used 3524K, capacity 3891K, committed 3968K, reserved 1048576K
}
Event: 4.259 GC heap before
{Heap before GC invocations=5 (full 0):
 garbage-first heap   total 229376K, used 72893K [0x00000000e0000000, 0x0000000100000000)
  region size 1024K, 66 young (67584K), 5 survivors (5120K)
 Metaspace       used 34529K, capacity 35528K, committed 35584K, reserved 1081344K
  class space    used 4169K, capacity 4569K, committed 4608K, reserved 1048576K
}
Event: 4.271 GC heap after
{Heap after GC invocations=6 (full 0):
 garbage-first heap   total 229376K, used 14528K [0x00000000e0000000, 0x0000000100000000)
  region size 1024K, 7 young (7168K), 7 survivors (7168K)
 Metaspace       used 34529K, capacity 35528K, committed 35584K, reserved 1081344K
  class space    used 4169K, capacity 4569K, committed 4608K, reserved 1048576K
}
Event: 6.426 GC heap before
{Heap before GC invocations=7 (full 0):
 garbage-first heap   total 229376K, used 130240K [0x00000000e0000000, 0x0000000100000000)
  region size 1024K, 120 young (122880K), 7 survivors (7168K)
 Metaspace       used 45033K, capacity 46264K, committed 46336K, reserved 1089536K
  class space    used 5825K, capacity 6370K, committed 6400K, reserved 1048576K
}
Event: 6.435 GC heap after
{Heap after GC invocations=8 (full 0):
 garbage-first heap   total 229376K, used 19201K [0x00000000e0000000, 0x0000000100000000)
  region size 1024K, 11 young (11264K), 11 survivors (11264K)
 Metaspace       used 45033K, capacity 46264K, committed 46336K, reserved 1089536K
  class space    used 5825K, capacity 6370K, committed 6400K, reserved 1048576K
}

