# JRE version: OpenJDK Runtime Environment (11.0+28) (build 11+28)
# Java VM: OpenJDK 64-Bit Server VM (11+28, mixed mode, tiered, compressed oops, g1 gc, windows-amd64)
Heap:
 garbage-first heap   total 229376K, used 43441K [0x00000000e0000000, 0x0000000100000000)
  region size 1024K, 35 young (35840K), 11 survivors (11264K)
 Metaspace       used 50112K, capacity 51443K, committed 51712K, reserved 1093632K
  class space    used 6524K, capacity 7049K, committed 7168K, reserved 1048576K
GC Heap History (10 events):
Event: 1.916 GC heap before
{Heap before GC invocations=1 (full 0):
 garbage-first heap   total 229376K, used 49820K [0x00000000e0000000, 0x0000000100000000)
  region size 1024K, 44 young (45056K), 3 survivors (3072K)
 Metaspace       used 20571K, capacity 21124K, committed 21248K, reserved 1069056K
  class space    used 2338K, capacity 2559K, committed 2560K, reserved 1048576K
}
Event: 1.921 GC heap after
{Heap after GC invocations=2 (full 0):
 garbage-first heap   total 229376K, used 10577K [0x00000000e0000000, 0x0000000100000000)
  region size 1024K, 5 young (5120K), 5 survivors (5120K)
 Metaspace       used 20571K, capacity 21124K, committed 21248K, reserved 1069056K
  class space    used 2338K, capacity 2559K, committed 2560K, reserved 1048576K
}
Event: 2.298 GC heap before
{Heap before GC invocations=3 (full 0):
 garbage-first heap   total 229376K, used 36177K [0x00000000e0000000, 0x0000000100000000)
  region size 1024K, 30 young (30720K), 5 survivors (5120K)
 Metaspace       used 24615K, capacity 25415K, committed 25600K, reserved 1071104K
  class space    used 2909K, capacity 3234K, committed 3328K, reserved 1048576K
}
Event: 2.301 GC heap after
{Heap after GC invocations=4 (full 0):
 garbage-first heap   total 229376K, used 11761K [0x00000000e0000000, 0x0000000100000000)
  region size 1024K, 3 young (3072K), 3 survivors (3072K)
 Metaspace       used 24615K, capacity 25415K, committed 25600K, reserved 1071104K
  class space    used 2909K, capacity 3234K, committed 3328K, reserved 1048576K
}
Event: 2.719 GC heap before
{Heap before GC invocations=4 (full 0):
 garbage-first heap   total 229376K, used 72177K [0x00000000e0000000, 0x0000000100000000)
  region size 1024K, 63 young (64512K), 3 survivors (3072K)
 Metaspace       used 29463K, capacity 30390K, committed 30592K, reserved 1075200K
  class space    used 3523K, capacity 3891K, committed 3968K, reserved 1048576K
}
Event: 2.723 GC heap after
{Heap after GC invocations=5 (full 0):
 garbage-first heap   total 229376K, used 12879K [0x00000000e0000000, 0x0000000100000000)
  region size 1024K, 5 young (5120K), 5 survivors (5120K)
 Metaspace       used 29463K, capacity 30390K, committed 30592K, reserved 1075200K
  class space    used 3523K, capacity 3891K, committed 3968K, reserved 1048576K
}
Event: 3.943 GC heap before
{Heap before GC invocations=5 (full 0):
 garbage-first heap   total 229376K, used 76367K [0x00000000e0000000, 0x0000000100000000)
  region size 1024K, 69 young (70656K), 5 survivors (5120K)
 Metaspace       used 34501K, capacity 35528K, committed 35584K, reserved 1081344K
  class space    used 4167K, capacity 4568K, committed 4608K, reserved 1048576K
}
Event: 3.954 GC heap after
{Heap after GC invocations=6 (full 0):
 garbage-first heap   total 229376K, used 15037K [0x00000000e0000000, 0x0000000100000000)
  region size 1024K, 7 young (7168K), 7 survivors (7168K)
 Metaspace       used 34501K, capacity 35528K, committed 35584K, reserved 1081344K
  class space    used 4167K, capacity 4568K, committed 4608K, reserved 1048576K
}
Event: 6.143 GC heap before
{Heap before GC invocations=7 (full 0):
 garbage-first heap   total 229376K, used 145085K [0x00000000e0000000, 0x0000000100000000)
  region size 1024K, 134 young (137216K), 7 survivors (7168K)
 Metaspace       used 46902K, capacity 48201K, committed 48512K, reserved 1091584K
  class space    used 6155K, capacity 6672K, committed 6784K, reserved 1048576K
}
Event: 6.152 GC heap after
{Heap after GC invocations=8 (full 0):
 garbage-first heap   total 229376K, used 19889K [0x00000000e0000000, 0x0000000100000000)
  region size 1024K, 11 young (11264K), 11 survivors (11264K)
 Metaspace       used 46902K, capacity 48201K, committed 48512K, reserved 1091584K
  class space    used 6155K, capacity 6672K, committed 6784K, reserved 1048576K
}

